-------------------------------------------------------------------------------
Test set: com.challenge.suite.UserControllerTest
-------------------------------------------------------------------------------
Tests run: 3, Failures: 1, Errors: 0, Skipped: 0, Time elapsed: 13.469 s <<< FAILURE! - in com.challenge.suite.UserControllerTest
findByAccelerationName(com.challenge.suite.UserControllerTest)  Time elapsed: 0.414 s  <<< FAILURE!
java.lang.AssertionError: expected:<200> but was:<400>
	at com.challenge.suite.UserControllerTest.findByAccelerationName(UserControllerTest.java:58)

