-------------------------------------------------------------------------------
Test set: com.challenge.suite.SubmissionControllerTest
-------------------------------------------------------------------------------
Tests run: 1, Failures: 1, Errors: 0, Skipped: 0, Time elapsed: 0.321 s <<< FAILURE! - in com.challenge.suite.SubmissionControllerTest
findAll(com.challenge.suite.SubmissionControllerTest)  Time elapsed: 0.287 s  <<< FAILURE!
java.lang.AssertionError: expected:<200> but was:<404>
	at com.challenge.suite.SubmissionControllerTest.findAll(SubmissionControllerTest.java:41)

