<?xml version="1.0" encoding="UTF-8"?>
<testsuite xmlns:xsi="http://www.w3.org/2001/XMLSchema-instance" xsi:noNamespaceSchemaLocation="https://maven.apache.org/surefire/maven-surefire-plugin/xsd/surefire-test-report.xsd" name="com.challenge.suite.UserControllerTest" time="13.469" tests="3" errors="0" skipped="0" failures="1">
  <properties>
[...]
</properties>
  <testcase name="findById" classname="com.challenge.suite.UserControllerTest" time="3.643"/>
  <testcase name="findByCompanyId" classname="com.challenge.suite.UserControllerTest" time="0.928"/>
  <testcase name="findByAccelerationName" classname="com.challenge.suite.UserControllerTest" time="0.414">
    <failure message="expected:&lt;200&gt; but was:&lt;400&gt;" type="java.lang.AssertionError"><![CDATA[java.lang.AssertionError: expected:<200> but was:<400>
	at com.challenge.suite.UserControllerTest.findByAccelerationName(UserControllerTest.java:58)
]]></failure>
    <system-out><![CDATA[2020-05-24 11:24:12.199  INFO 5713 --- [           main] o.s.t.c.transaction.TransactionContext   : Began transaction (1) for test context [DefaultTestContext@2761156e testClass = UserControllerTest, testInstance = com.challenge.suite.UserControllerTest@2665a2e7, testMethod = findByAccelerationName@UserControllerTest, testException = [null], mergedContextConfiguration = [WebMergedContextConfiguration@7fad28ac testClass = UserControllerTest, locations = '{}', classes = '{class com.challenge.SpringHttpApplication, class com.challenge.SpringHttpApplication}', contextInitializerClasses = '[]', activeProfiles = '{}', propertySourceLocations = '{}', propertySourceProperties = '{org.springframework.boot.test.context.SpringBootTestContextBootstrapper=true}', contextCustomizers = set[org.springframework.boot.test.context.filter.ExcludeFilterContextCustomizer@7e2d773b, org.springframework.boot.test.json.DuplicateJsonObjectContextCustomizerFactory$DuplicateJsonObjectContextCustomizer@7a187f14, org.springframework.boot.test.mock.mockito.MockitoContextCustomizer@0, org.springframework.boot.test.web.client.TestRestTemplateContextCustomizer@1500955a, org.springframework.boot.test.autoconfigure.properties.PropertyMappingContextCustomizer@0, org.springframework.boot.test.autoconfigure.web.servlet.WebDriverContextCustomizerFactory$Customizer@1e7c7811, org.springframework.test.context.web.socket.MockServerContainerContextCustomizer@26888c31], resourceBasePath = 'src/main/webapp', contextLoader = 'org.springframework.boot.test.context.SpringBootContextLoader', parent = [null]], attributes = map['org.springframework.test.context.web.ServletTestExecutionListener.activateListener' -> true, 'org.springframework.test.context.web.ServletTestExecutionListener.populatedRequestContextHolder' -> true, 'org.springframework.test.context.web.ServletTestExecutionListener.resetRequestContextHolder' -> true]]; transaction manager [org.springframework.orm.jpa.JpaTransactionManager@48d464cf]; rollback [true]
2020-05-24 11:24:12.241  INFO 5713 --- [           main] o.s.b.t.m.w.SpringBootMockServletContext : Initializing Spring TestDispatcherServlet ''
2020-05-24 11:24:12.243  INFO 5713 --- [           main] o.s.t.web.servlet.TestDispatcherServlet  : Initializing Servlet ''
2020-05-24 11:24:12.255  INFO 5713 --- [           main] o.s.t.web.servlet.TestDispatcherServlet  : Completed initialization in 9 ms
2020-05-24 11:24:12.324  WARN 5713 --- [           main] .w.s.m.s.DefaultHandlerExceptionResolver : Resolved [org.springframework.web.bind.MissingServletRequestParameterException: Required String parameter 'acceleratoinName' is not present]
2020-05-24 11:24:12.346  INFO 5713 --- [           main] o.s.t.c.transaction.TransactionContext   : Rolled back transaction for test: [DefaultTestContext@2761156e testClass = UserControllerTest, testInstance = com.challenge.suite.UserControllerTest@2665a2e7, testMethod = findByAccelerationName@UserControllerTest, testException = java.lang.AssertionError: expected:<200> but was:<400>, mergedContextConfiguration = [WebMergedContextConfiguration@7fad28ac testClass = UserControllerTest, locations = '{}', classes = '{class com.challenge.SpringHttpApplication, class com.challenge.SpringHttpApplication}', contextInitializerClasses = '[]', activeProfiles = '{}', propertySourceLocations = '{}', propertySourceProperties = '{org.springframework.boot.test.context.SpringBootTestContextBootstrapper=true}', contextCustomizers = set[org.springframework.boot.test.context.filter.ExcludeFilterContextCustomizer@7e2d773b, org.springframework.boot.test.json.DuplicateJsonObjectContextCustomizerFactory$DuplicateJsonObjectContextCustomizer@7a187f14, org.springframework.boot.test.mock.mockito.MockitoContextCustomizer@0, org.springframework.boot.test.web.client.TestRestTemplateContextCustomizer@1500955a, org.springframework.boot.test.autoconfigure.properties.PropertyMappingContextCustomizer@0, org.springframework.boot.test.autoconfigure.web.servlet.WebDriverContextCustomizerFactory$Customizer@1e7c7811, org.springframework.test.context.web.socket.MockServerContainerContextCustomizer@26888c31], resourceBasePath = 'src/main/webapp', contextLoader = 'org.springframework.boot.test.context.SpringBootContextLoader', parent = [null]], attributes = map['org.springframework.test.context.web.ServletTestExecutionListener.activateListener' -> true, 'org.springframework.test.context.web.ServletTestExecutionListener.populatedRequestContextHolder' -> true, 'org.springframework.test.context.web.ServletTestExecutionListener.resetRequestContextHolder' -> true]]
]]></system-out>
  </testcase>
</testsuite>